[33;40m ..... [START] lang (L.fst 등)[0m
utils/prepare_lang.sh data/local/dict !SIL data/local/lang_tmp data/lang_final
Checking data/local/dict/silence_phones.txt ...
--> reading data/local/dict/silence_phones.txt
--> text seems to be UTF-8 or ASCII, checking whitespaces
--> text contains only allowed whitespaces
--> data/local/dict/silence_phones.txt is OK

Checking data/local/dict/optional_silence.txt ...
--> reading data/local/dict/optional_silence.txt
--> text seems to be UTF-8 or ASCII, checking whitespaces
--> text contains only allowed whitespaces
--> data/local/dict/optional_silence.txt is OK

Checking data/local/dict/nonsilence_phones.txt ...
--> reading data/local/dict/nonsilence_phones.txt
--> text seems to be UTF-8 or ASCII, checking whitespaces
--> text contains only allowed whitespaces
--> data/local/dict/nonsilence_phones.txt is OK

Checking disjoint: silence_phones.txt, nonsilence_phones.txt
--> disjoint property is OK.

Checking data/local/dict/lexicon.txt
--> reading data/local/dict/lexicon.txt
--> text seems to be UTF-8 or ASCII, checking whitespaces
--> text contains only allowed whitespaces
--> data/local/dict/lexicon.txt is OK

Checking data/local/dict/extra_questions.txt ...
--> reading data/local/dict/extra_questions.txt
--> text seems to be UTF-8 or ASCII, checking whitespaces
--> text contains only allowed whitespaces
--> data/local/dict/extra_questions.txt is OK
--> SUCCESS [validating dictionary directory data/local/dict]

**Creating data/local/dict/lexiconp.txt from data/local/dict/lexicon.txt
fstaddselfloops data/lang_final/phones/wdisambig_phones.int data/lang_final/phones/wdisambig_words.int 
prepare_lang.sh: validating output directory
utils/validate_lang.pl data/lang_final
Checking existence of separator file
separator file data/lang_final/subword_separator.txt is empty or does not exist, deal in word case.
Checking data/lang_final/phones.txt ...
--> text seems to be UTF-8 or ASCII, checking whitespaces
--> text contains only allowed whitespaces
--> data/lang_final/phones.txt is OK

Checking words.txt: #0 ...
--> text seems to be UTF-8 or ASCII, checking whitespaces
--> text contains only allowed whitespaces
--> data/lang_final/words.txt is OK

Checking disjoint: silence.txt, nonsilence.txt, disambig.txt ...
--> silence.txt and nonsilence.txt are disjoint
--> silence.txt and disambig.txt are disjoint
--> disambig.txt and nonsilence.txt are disjoint
--> disjoint property is OK

Checking sumation: silence.txt, nonsilence.txt, disambig.txt ...
--> found no unexplainable phones in phones.txt

Checking data/lang_final/phones/context_indep.{txt, int, csl} ...
--> text seems to be UTF-8 or ASCII, checking whitespaces
--> text contains only allowed whitespaces
--> 10 entry/entries in data/lang_final/phones/context_indep.txt
--> data/lang_final/phones/context_indep.int corresponds to data/lang_final/phones/context_indep.txt
--> data/lang_final/phones/context_indep.csl corresponds to data/lang_final/phones/context_indep.txt
--> data/lang_final/phones/context_indep.{txt, int, csl} are OK

Checking data/lang_final/phones/nonsilence.{txt, int, csl} ...
--> text seems to be UTF-8 or ASCII, checking whitespaces
--> text contains only allowed whitespaces
--> 184 entry/entries in data/lang_final/phones/nonsilence.txt
--> data/lang_final/phones/nonsilence.int corresponds to data/lang_final/phones/nonsilence.txt
--> data/lang_final/phones/nonsilence.csl corresponds to data/lang_final/phones/nonsilence.txt
--> data/lang_final/phones/nonsilence.{txt, int, csl} are OK

Checking data/lang_final/phones/silence.{txt, int, csl} ...
--> text seems to be UTF-8 or ASCII, checking whitespaces
--> text contains only allowed whitespaces
--> 10 entry/entries in data/lang_final/phones/silence.txt
--> data/lang_final/phones/silence.int corresponds to data/lang_final/phones/silence.txt
--> data/lang_final/phones/silence.csl corresponds to data/lang_final/phones/silence.txt
--> data/lang_final/phones/silence.{txt, int, csl} are OK

Checking data/lang_final/phones/optional_silence.{txt, int, csl} ...
--> text seems to be UTF-8 or ASCII, checking whitespaces
--> text contains only allowed whitespaces
--> 1 entry/entries in data/lang_final/phones/optional_silence.txt
--> data/lang_final/phones/optional_silence.int corresponds to data/lang_final/phones/optional_silence.txt
--> data/lang_final/phones/optional_silence.csl corresponds to data/lang_final/phones/optional_silence.txt
--> data/lang_final/phones/optional_silence.{txt, int, csl} are OK

Checking data/lang_final/phones/disambig.{txt, int, csl} ...
--> text seems to be UTF-8 or ASCII, checking whitespaces
--> text contains only allowed whitespaces
--> 22 entry/entries in data/lang_final/phones/disambig.txt
--> data/lang_final/phones/disambig.int corresponds to data/lang_final/phones/disambig.txt
--> data/lang_final/phones/disambig.csl corresponds to data/lang_final/phones/disambig.txt
--> data/lang_final/phones/disambig.{txt, int, csl} are OK

Checking data/lang_final/phones/roots.{txt, int} ...
--> text seems to be UTF-8 or ASCII, checking whitespaces
--> text contains only allowed whitespaces
--> 42 entry/entries in data/lang_final/phones/roots.txt
--> data/lang_final/phones/roots.int corresponds to data/lang_final/phones/roots.txt
--> data/lang_final/phones/roots.{txt, int} are OK

Checking data/lang_final/phones/sets.{txt, int} ...
--> text seems to be UTF-8 or ASCII, checking whitespaces
--> text contains only allowed whitespaces
--> 42 entry/entries in data/lang_final/phones/sets.txt
--> data/lang_final/phones/sets.int corresponds to data/lang_final/phones/sets.txt
--> data/lang_final/phones/sets.{txt, int} are OK

Checking data/lang_final/phones/extra_questions.{txt, int} ...
--> text seems to be UTF-8 or ASCII, checking whitespaces
--> text contains only allowed whitespaces
--> 12 entry/entries in data/lang_final/phones/extra_questions.txt
--> data/lang_final/phones/extra_questions.int corresponds to data/lang_final/phones/extra_questions.txt
--> data/lang_final/phones/extra_questions.{txt, int} are OK

Checking data/lang_final/phones/word_boundary.{txt, int} ...
--> text seems to be UTF-8 or ASCII, checking whitespaces
--> text contains only allowed whitespaces
--> 194 entry/entries in data/lang_final/phones/word_boundary.txt
--> data/lang_final/phones/word_boundary.int corresponds to data/lang_final/phones/word_boundary.txt
--> data/lang_final/phones/word_boundary.{txt, int} are OK

Checking optional_silence.txt ...
--> reading data/lang_final/phones/optional_silence.txt
--> data/lang_final/phones/optional_silence.txt is OK

Checking disambiguation symbols: #0 and #1
--> data/lang_final/phones/disambig.txt has "#0" and "#1"
--> data/lang_final/phones/disambig.txt is OK

Checking topo ...

Checking word_boundary.txt: silence.txt, nonsilence.txt, disambig.txt ...
--> data/lang_final/phones/word_boundary.txt doesn't include disambiguation symbols
--> data/lang_final/phones/word_boundary.txt is the union of nonsilence.txt and silence.txt
--> data/lang_final/phones/word_boundary.txt is OK

Checking word-level disambiguation symbols...
--> data/lang_final/phones/wdisambig.txt exists (newer prepare_lang.sh)
Checking word_boundary.int and disambig.int
--> generating a 60 word/subword sequence
--> resulting phone sequence from L.fst corresponds to the word sequence
--> L.fst is OK
--> generating a 26 word/subword sequence
--> resulting phone sequence from L_disambig.fst corresponds to the word sequence
--> L_disambig.fst is OK

Checking data/lang_final/oov.{txt, int} ...
--> text seems to be UTF-8 or ASCII, checking whitespaces
--> text contains only allowed whitespaces
--> 1 entry/entries in data/lang_final/oov.txt
--> data/lang_final/oov.int corresponds to data/lang_final/oov.txt
--> data/lang_final/oov.{txt, int} are OK

--> data/lang_final/L.fst is olabel sorted
--> data/lang_final/L_disambig.fst is olabel sorted
--> SUCCESS [validating lang directory data/lang_final]
[33;40m ..... [END] lang (L.fst 등)[0m
