[33;40m ..... [START] lang (G.fst 등)[0m
arpa2fst --disambig-symbol=#0 --read-symbol-table=data/lang_final_test_tgsmall/words.txt - data/lang_final_test_tgsmall/G.fst 
LOG (arpa2fst[5.5.821-811bd2]:Read():arpa-file-parser.cc:94) Reading \data\ section.
LOG (arpa2fst[5.5.821-811bd2]:Read():arpa-file-parser.cc:149) Reading \1-grams: section.
LOG (arpa2fst[5.5.821-811bd2]:Read():arpa-file-parser.cc:149) Reading \2-grams: section.
LOG (arpa2fst[5.5.821-811bd2]:Read():arpa-file-parser.cc:149) Reading \3-grams: section.
LOG (arpa2fst[5.5.821-811bd2]:RemoveRedundantStates():arpa-lm-compiler.cc:359) Reduced num-states from 2408875 to 432520
utils/validate_lang.pl data/lang_final_test_tgsmall
Checking existence of separator file
separator file data/lang_final_test_tgsmall/subword_separator.txt is empty or does not exist, deal in word case.
Checking data/lang_final_test_tgsmall/phones.txt ...
--> text seems to be UTF-8 or ASCII, checking whitespaces
--> text contains only allowed whitespaces
--> data/lang_final_test_tgsmall/phones.txt is OK

Checking words.txt: #0 ...
--> text seems to be UTF-8 or ASCII, checking whitespaces
--> text contains only allowed whitespaces
--> data/lang_final_test_tgsmall/words.txt is OK

Checking disjoint: silence.txt, nonsilence.txt, disambig.txt ...
--> silence.txt and nonsilence.txt are disjoint
--> silence.txt and disambig.txt are disjoint
--> disambig.txt and nonsilence.txt are disjoint
--> disjoint property is OK

Checking sumation: silence.txt, nonsilence.txt, disambig.txt ...
--> found no unexplainable phones in phones.txt

Checking data/lang_final_test_tgsmall/phones/context_indep.{txt, int, csl} ...
--> text seems to be UTF-8 or ASCII, checking whitespaces
--> text contains only allowed whitespaces
--> 10 entry/entries in data/lang_final_test_tgsmall/phones/context_indep.txt
--> data/lang_final_test_tgsmall/phones/context_indep.int corresponds to data/lang_final_test_tgsmall/phones/context_indep.txt
--> data/lang_final_test_tgsmall/phones/context_indep.csl corresponds to data/lang_final_test_tgsmall/phones/context_indep.txt
--> data/lang_final_test_tgsmall/phones/context_indep.{txt, int, csl} are OK

Checking data/lang_final_test_tgsmall/phones/nonsilence.{txt, int, csl} ...
--> text seems to be UTF-8 or ASCII, checking whitespaces
--> text contains only allowed whitespaces
--> 184 entry/entries in data/lang_final_test_tgsmall/phones/nonsilence.txt
--> data/lang_final_test_tgsmall/phones/nonsilence.int corresponds to data/lang_final_test_tgsmall/phones/nonsilence.txt
--> data/lang_final_test_tgsmall/phones/nonsilence.csl corresponds to data/lang_final_test_tgsmall/phones/nonsilence.txt
--> data/lang_final_test_tgsmall/phones/nonsilence.{txt, int, csl} are OK

Checking data/lang_final_test_tgsmall/phones/silence.{txt, int, csl} ...
--> text seems to be UTF-8 or ASCII, checking whitespaces
--> text contains only allowed whitespaces
--> 10 entry/entries in data/lang_final_test_tgsmall/phones/silence.txt
--> data/lang_final_test_tgsmall/phones/silence.int corresponds to data/lang_final_test_tgsmall/phones/silence.txt
--> data/lang_final_test_tgsmall/phones/silence.csl corresponds to data/lang_final_test_tgsmall/phones/silence.txt
--> data/lang_final_test_tgsmall/phones/silence.{txt, int, csl} are OK

Checking data/lang_final_test_tgsmall/phones/optional_silence.{txt, int, csl} ...
--> text seems to be UTF-8 or ASCII, checking whitespaces
--> text contains only allowed whitespaces
--> 1 entry/entries in data/lang_final_test_tgsmall/phones/optional_silence.txt
--> data/lang_final_test_tgsmall/phones/optional_silence.int corresponds to data/lang_final_test_tgsmall/phones/optional_silence.txt
--> data/lang_final_test_tgsmall/phones/optional_silence.csl corresponds to data/lang_final_test_tgsmall/phones/optional_silence.txt
--> data/lang_final_test_tgsmall/phones/optional_silence.{txt, int, csl} are OK

Checking data/lang_final_test_tgsmall/phones/disambig.{txt, int, csl} ...
--> text seems to be UTF-8 or ASCII, checking whitespaces
--> text contains only allowed whitespaces
--> 22 entry/entries in data/lang_final_test_tgsmall/phones/disambig.txt
--> data/lang_final_test_tgsmall/phones/disambig.int corresponds to data/lang_final_test_tgsmall/phones/disambig.txt
--> data/lang_final_test_tgsmall/phones/disambig.csl corresponds to data/lang_final_test_tgsmall/phones/disambig.txt
--> data/lang_final_test_tgsmall/phones/disambig.{txt, int, csl} are OK

Checking data/lang_final_test_tgsmall/phones/roots.{txt, int} ...
--> text seems to be UTF-8 or ASCII, checking whitespaces
--> text contains only allowed whitespaces
--> 42 entry/entries in data/lang_final_test_tgsmall/phones/roots.txt
--> data/lang_final_test_tgsmall/phones/roots.int corresponds to data/lang_final_test_tgsmall/phones/roots.txt
--> data/lang_final_test_tgsmall/phones/roots.{txt, int} are OK

Checking data/lang_final_test_tgsmall/phones/sets.{txt, int} ...
--> text seems to be UTF-8 or ASCII, checking whitespaces
--> text contains only allowed whitespaces
--> 42 entry/entries in data/lang_final_test_tgsmall/phones/sets.txt
--> data/lang_final_test_tgsmall/phones/sets.int corresponds to data/lang_final_test_tgsmall/phones/sets.txt
--> data/lang_final_test_tgsmall/phones/sets.{txt, int} are OK

Checking data/lang_final_test_tgsmall/phones/extra_questions.{txt, int} ...
--> text seems to be UTF-8 or ASCII, checking whitespaces
--> text contains only allowed whitespaces
--> 12 entry/entries in data/lang_final_test_tgsmall/phones/extra_questions.txt
--> data/lang_final_test_tgsmall/phones/extra_questions.int corresponds to data/lang_final_test_tgsmall/phones/extra_questions.txt
--> data/lang_final_test_tgsmall/phones/extra_questions.{txt, int} are OK

Checking data/lang_final_test_tgsmall/phones/word_boundary.{txt, int} ...
--> text seems to be UTF-8 or ASCII, checking whitespaces
--> text contains only allowed whitespaces
--> 194 entry/entries in data/lang_final_test_tgsmall/phones/word_boundary.txt
--> data/lang_final_test_tgsmall/phones/word_boundary.int corresponds to data/lang_final_test_tgsmall/phones/word_boundary.txt
--> data/lang_final_test_tgsmall/phones/word_boundary.{txt, int} are OK

Checking optional_silence.txt ...
--> reading data/lang_final_test_tgsmall/phones/optional_silence.txt
--> data/lang_final_test_tgsmall/phones/optional_silence.txt is OK

Checking disambiguation symbols: #0 and #1
--> data/lang_final_test_tgsmall/phones/disambig.txt has "#0" and "#1"
--> data/lang_final_test_tgsmall/phones/disambig.txt is OK

Checking topo ...

Checking word_boundary.txt: silence.txt, nonsilence.txt, disambig.txt ...
--> data/lang_final_test_tgsmall/phones/word_boundary.txt doesn't include disambiguation symbols
--> data/lang_final_test_tgsmall/phones/word_boundary.txt is the union of nonsilence.txt and silence.txt
--> data/lang_final_test_tgsmall/phones/word_boundary.txt is OK

Checking word-level disambiguation symbols...
--> data/lang_final_test_tgsmall/phones/wdisambig.txt exists (newer prepare_lang.sh)
Checking word_boundary.int and disambig.int
--> generating a 13 word/subword sequence
--> resulting phone sequence from L.fst corresponds to the word sequence
--> L.fst is OK
--> generating a 74 word/subword sequence
--> resulting phone sequence from L_disambig.fst corresponds to the word sequence
--> L_disambig.fst is OK

Checking data/lang_final_test_tgsmall/oov.{txt, int} ...
--> text seems to be UTF-8 or ASCII, checking whitespaces
--> text contains only allowed whitespaces
--> 1 entry/entries in data/lang_final_test_tgsmall/oov.txt
--> data/lang_final_test_tgsmall/oov.int corresponds to data/lang_final_test_tgsmall/oov.txt
--> data/lang_final_test_tgsmall/oov.{txt, int} are OK

--> data/lang_final_test_tgsmall/L.fst is olabel sorted
--> data/lang_final_test_tgsmall/L_disambig.fst is olabel sorted
--> data/lang_final_test_tgsmall/G.fst is ilabel sorted
--> data/lang_final_test_tgsmall/G.fst has 432520 states
--> utils/lang/check_g_properties.pl successfully validated data/lang_final_test_tgsmall/G.fst
--> utils/lang/check_g_properties.pl succeeded.
--> SUCCESS [validating lang directory data/lang_final_test_tgsmall]
arpa2fst --disambig-symbol=#0 --read-symbol-table=data/lang_final_test_tgmed/words.txt - data/lang_final_test_tgmed/G.fst 
LOG (arpa2fst[5.5.821-811bd2]:Read():arpa-file-parser.cc:94) Reading \data\ section.
LOG (arpa2fst[5.5.821-811bd2]:Read():arpa-file-parser.cc:149) Reading \1-grams: section.
LOG (arpa2fst[5.5.821-811bd2]:Read():arpa-file-parser.cc:149) Reading \2-grams: section.
LOG (arpa2fst[5.5.821-811bd2]:Read():arpa-file-parser.cc:149) Reading \3-grams: section.
LOG (arpa2fst[5.5.821-811bd2]:RemoveRedundantStates():arpa-lm-compiler.cc:359) Reduced num-states from 5622599 to 1049110
utils/validate_lang.pl data/lang_final_test_tgmed
Checking existence of separator file
separator file data/lang_final_test_tgmed/subword_separator.txt is empty or does not exist, deal in word case.
Checking data/lang_final_test_tgmed/phones.txt ...
--> text seems to be UTF-8 or ASCII, checking whitespaces
--> text contains only allowed whitespaces
--> data/lang_final_test_tgmed/phones.txt is OK

Checking words.txt: #0 ...
--> text seems to be UTF-8 or ASCII, checking whitespaces
--> text contains only allowed whitespaces
--> data/lang_final_test_tgmed/words.txt is OK

Checking disjoint: silence.txt, nonsilence.txt, disambig.txt ...
--> silence.txt and nonsilence.txt are disjoint
--> silence.txt and disambig.txt are disjoint
--> disambig.txt and nonsilence.txt are disjoint
--> disjoint property is OK

Checking sumation: silence.txt, nonsilence.txt, disambig.txt ...
--> found no unexplainable phones in phones.txt

Checking data/lang_final_test_tgmed/phones/context_indep.{txt, int, csl} ...
--> text seems to be UTF-8 or ASCII, checking whitespaces
--> text contains only allowed whitespaces
--> 10 entry/entries in data/lang_final_test_tgmed/phones/context_indep.txt
--> data/lang_final_test_tgmed/phones/context_indep.int corresponds to data/lang_final_test_tgmed/phones/context_indep.txt
--> data/lang_final_test_tgmed/phones/context_indep.csl corresponds to data/lang_final_test_tgmed/phones/context_indep.txt
--> data/lang_final_test_tgmed/phones/context_indep.{txt, int, csl} are OK

Checking data/lang_final_test_tgmed/phones/nonsilence.{txt, int, csl} ...
--> text seems to be UTF-8 or ASCII, checking whitespaces
--> text contains only allowed whitespaces
--> 184 entry/entries in data/lang_final_test_tgmed/phones/nonsilence.txt
--> data/lang_final_test_tgmed/phones/nonsilence.int corresponds to data/lang_final_test_tgmed/phones/nonsilence.txt
--> data/lang_final_test_tgmed/phones/nonsilence.csl corresponds to data/lang_final_test_tgmed/phones/nonsilence.txt
--> data/lang_final_test_tgmed/phones/nonsilence.{txt, int, csl} are OK

Checking data/lang_final_test_tgmed/phones/silence.{txt, int, csl} ...
--> text seems to be UTF-8 or ASCII, checking whitespaces
--> text contains only allowed whitespaces
--> 10 entry/entries in data/lang_final_test_tgmed/phones/silence.txt
--> data/lang_final_test_tgmed/phones/silence.int corresponds to data/lang_final_test_tgmed/phones/silence.txt
--> data/lang_final_test_tgmed/phones/silence.csl corresponds to data/lang_final_test_tgmed/phones/silence.txt
--> data/lang_final_test_tgmed/phones/silence.{txt, int, csl} are OK

Checking data/lang_final_test_tgmed/phones/optional_silence.{txt, int, csl} ...
--> text seems to be UTF-8 or ASCII, checking whitespaces
--> text contains only allowed whitespaces
--> 1 entry/entries in data/lang_final_test_tgmed/phones/optional_silence.txt
--> data/lang_final_test_tgmed/phones/optional_silence.int corresponds to data/lang_final_test_tgmed/phones/optional_silence.txt
--> data/lang_final_test_tgmed/phones/optional_silence.csl corresponds to data/lang_final_test_tgmed/phones/optional_silence.txt
--> data/lang_final_test_tgmed/phones/optional_silence.{txt, int, csl} are OK

Checking data/lang_final_test_tgmed/phones/disambig.{txt, int, csl} ...
--> text seems to be UTF-8 or ASCII, checking whitespaces
--> text contains only allowed whitespaces
--> 22 entry/entries in data/lang_final_test_tgmed/phones/disambig.txt
--> data/lang_final_test_tgmed/phones/disambig.int corresponds to data/lang_final_test_tgmed/phones/disambig.txt
--> data/lang_final_test_tgmed/phones/disambig.csl corresponds to data/lang_final_test_tgmed/phones/disambig.txt
--> data/lang_final_test_tgmed/phones/disambig.{txt, int, csl} are OK

Checking data/lang_final_test_tgmed/phones/roots.{txt, int} ...
--> text seems to be UTF-8 or ASCII, checking whitespaces
--> text contains only allowed whitespaces
--> 42 entry/entries in data/lang_final_test_tgmed/phones/roots.txt
--> data/lang_final_test_tgmed/phones/roots.int corresponds to data/lang_final_test_tgmed/phones/roots.txt
--> data/lang_final_test_tgmed/phones/roots.{txt, int} are OK

Checking data/lang_final_test_tgmed/phones/sets.{txt, int} ...
--> text seems to be UTF-8 or ASCII, checking whitespaces
--> text contains only allowed whitespaces
--> 42 entry/entries in data/lang_final_test_tgmed/phones/sets.txt
--> data/lang_final_test_tgmed/phones/sets.int corresponds to data/lang_final_test_tgmed/phones/sets.txt
--> data/lang_final_test_tgmed/phones/sets.{txt, int} are OK

Checking data/lang_final_test_tgmed/phones/extra_questions.{txt, int} ...
--> text seems to be UTF-8 or ASCII, checking whitespaces
--> text contains only allowed whitespaces
--> 12 entry/entries in data/lang_final_test_tgmed/phones/extra_questions.txt
--> data/lang_final_test_tgmed/phones/extra_questions.int corresponds to data/lang_final_test_tgmed/phones/extra_questions.txt
--> data/lang_final_test_tgmed/phones/extra_questions.{txt, int} are OK

Checking data/lang_final_test_tgmed/phones/word_boundary.{txt, int} ...
--> text seems to be UTF-8 or ASCII, checking whitespaces
--> text contains only allowed whitespaces
--> 194 entry/entries in data/lang_final_test_tgmed/phones/word_boundary.txt
--> data/lang_final_test_tgmed/phones/word_boundary.int corresponds to data/lang_final_test_tgmed/phones/word_boundary.txt
--> data/lang_final_test_tgmed/phones/word_boundary.{txt, int} are OK

Checking optional_silence.txt ...
--> reading data/lang_final_test_tgmed/phones/optional_silence.txt
--> data/lang_final_test_tgmed/phones/optional_silence.txt is OK

Checking disambiguation symbols: #0 and #1
--> data/lang_final_test_tgmed/phones/disambig.txt has "#0" and "#1"
--> data/lang_final_test_tgmed/phones/disambig.txt is OK

Checking topo ...

Checking word_boundary.txt: silence.txt, nonsilence.txt, disambig.txt ...
--> data/lang_final_test_tgmed/phones/word_boundary.txt doesn't include disambiguation symbols
--> data/lang_final_test_tgmed/phones/word_boundary.txt is the union of nonsilence.txt and silence.txt
--> data/lang_final_test_tgmed/phones/word_boundary.txt is OK

Checking word-level disambiguation symbols...
--> data/lang_final_test_tgmed/phones/wdisambig.txt exists (newer prepare_lang.sh)
Checking word_boundary.int and disambig.int
--> generating a 32 word/subword sequence
--> resulting phone sequence from L.fst corresponds to the word sequence
--> L.fst is OK
--> generating a 80 word/subword sequence
--> resulting phone sequence from L_disambig.fst corresponds to the word sequence
--> L_disambig.fst is OK

Checking data/lang_final_test_tgmed/oov.{txt, int} ...
--> text seems to be UTF-8 or ASCII, checking whitespaces
--> text contains only allowed whitespaces
--> 1 entry/entries in data/lang_final_test_tgmed/oov.txt
--> data/lang_final_test_tgmed/oov.int corresponds to data/lang_final_test_tgmed/oov.txt
--> data/lang_final_test_tgmed/oov.{txt, int} are OK

--> data/lang_final_test_tgmed/L.fst is olabel sorted
--> data/lang_final_test_tgmed/L_disambig.fst is olabel sorted
--> data/lang_final_test_tgmed/G.fst is ilabel sorted
--> data/lang_final_test_tgmed/G.fst has 1049110 states
--> utils/lang/check_g_properties.pl successfully validated data/lang_final_test_tgmed/G.fst
--> utils/lang/check_g_properties.pl succeeded.
--> SUCCESS [validating lang directory data/lang_final_test_tgmed]
Succeeded in formatting data.
[33;40m ..... [END] lang (G.fst 등)[0m
